# JRE version: OpenJDK Runtime Environment Temurin-21.0.7+6 (21.0.7+6) (build 21.0.7+6-LTS)
# Java VM: OpenJDK 64-Bit Server VM Temurin-21.0.7+6 (21.0.7+6-LTS, mixed mode, sharing, tiered, compressed oops, compressed class ptrs, parallel gc, windows-amd64)
GC Precious Log:
 CardTable entry size: 512
 CPUs: 8 total, 8 available
 Memory: 16243M
 Large Page Support: Disabled
 NUMA Support: Disabled
 Compressed Oops: Enabled (32-bit)
 Alignments: Space 512K, Generation 512K, Heap 2M
 Heap Min Capacity: 100M
 Heap Initial Capacity: 100M
 Heap Max Capacity: 1G
 Pre-touch: Disabled
 Parallel Workers: 8
Heap:
 PSYoungGen      total 2560K, used 2220K [0x00000000eab00000, 0x00000000eb000000, 0x0000000100000000)
  eden space 2048K, 94% used [0x00000000eab00000,0x00000000eace3040,0x00000000ead00000)
  from space 512K, 56% used [0x00000000ead00000,0x00000000ead48000,0x00000000ead80000)
  to   space 1024K, 0% used [0x00000000eaf00000,0x00000000eaf00000,0x00000000eb000000)
 ParOldGen       total 558592K, used 558348K [0x00000000c0000000, 0x00000000e2180000, 0x00000000eab00000)
  object space 558592K, 99% used [0x00000000c0000000,0x00000000e21432a8,0x00000000e2180000)
 Metaspace       used 94146K, committed 95808K, reserved 1179648K
  class space    used 9291K, committed 10112K, reserved 1048576K
GC Heap History (20 events):
Event: 5317.427 GC heap before
{Heap before GC invocations=6413 (full 8):
 PSYoungGen      total 3072K, used 2723K [0x00000000eab00000, 0x00000000eaf00000, 0x0000000100000000)
  eden space 2048K, 100% used [0x00000000eab00000,0x00000000ead00000,0x00000000ead00000)
  from space 1024K, 65% used [0x00000000ead80000,0x00000000eae28c50,0x00000000eae80000)
  to   space 512K, 0% used [0x00000000eae80000,0x00000000eae80000,0x00000000eaf00000)
 ParOldGen       total 550400K, used 550114K [0x00000000c0000000, 0x00000000e1980000, 0x00000000eab00000)
  object space 550400K, 99% used [0x00000000c0000000,0x00000000e19389d0,0x00000000e1980000)
 Metaspace       used 94146K, committed 95808K, reserved 1179648K
  class space    used 9291K, committed 10112K, reserved 1048576K
}
Event: 5317.436 GC heap after
{Heap after GC invocations=6413 (full 8):
 PSYoungGen      total 2560K, used 491K [0x00000000eab00000, 0x00000000eb000000, 0x0000000100000000)
  eden space 2048K, 0% used [0x00000000eab00000,0x00000000eab00000,0x00000000ead00000)
  from space 512K, 96% used [0x00000000eae80000,0x00000000eaefae80,0x00000000eaf00000)
  to   space 1536K, 0% used [0x00000000ead00000,0x00000000ead00000,0x00000000eae80000)
 ParOldGen       total 551424K, used 551010K [0x00000000c0000000, 0x00000000e1a80000, 0x00000000eab00000)
  object space 551424K, 99% used [0x00000000c0000000,0x00000000e1a18828,0x00000000e1a80000)
 Metaspace       used 94146K, committed 95808K, reserved 1179648K
  class space    used 9291K, committed 10112K, reserved 1048576K
}
Event: 5317.456 GC heap before
{Heap before GC invocations=6414 (full 8):
 PSYoungGen      total 2560K, used 2539K [0x00000000eab00000, 0x00000000eb000000, 0x0000000100000000)
  eden space 2048K, 100% used [0x00000000eab00000,0x00000000ead00000,0x00000000ead00000)
  from space 512K, 96% used [0x00000000eae80000,0x00000000eaefae80,0x00000000eaf00000)
  to   space 1536K, 0% used [0x00000000ead00000,0x00000000ead00000,0x00000000eae80000)
 ParOldGen       total 551424K, used 551010K [0x00000000c0000000, 0x00000000e1a80000, 0x00000000eab00000)
  object space 551424K, 99% used [0x00000000c0000000,0x00000000e1a18828,0x00000000e1a80000)
 Metaspace       used 94146K, committed 95808K, reserved 1179648K
  class space    used 9291K, committed 10112K, reserved 1048576K
}
Event: 5317.463 GC heap after
{Heap after GC invocations=6414 (full 8):
 PSYoungGen      total 3584K, used 640K [0x00000000eab00000, 0x00000000eaf80000, 0x0000000100000000)
  eden space 2048K, 0% used [0x00000000eab00000,0x00000000eab00000,0x00000000ead00000)
  from space 1536K, 41% used [0x00000000ead00000,0x00000000eada0000,0x00000000eae80000)
  to   space 1024K, 0% used [0x00000000eae80000,0x00000000eae80000,0x00000000eaf80000)
 ParOldGen       total 551936K, used 551608K [0x00000000c0000000, 0x00000000e1b00000, 0x00000000eab00000)
  object space 551936K, 99% used [0x00000000c0000000,0x00000000e1aae090,0x00000000e1b00000)
 Metaspace       used 94146K, committed 95808K, reserved 1179648K
  class space    used 9291K, committed 10112K, reserved 1048576K
}
Event: 5317.502 GC heap before
{Heap before GC invocations=6415 (full 8):
 PSYoungGen      total 3584K, used 2687K [0x00000000eab00000, 0x00000000eaf80000, 0x0000000100000000)
  eden space 2048K, 99% used [0x00000000eab00000,0x00000000eacffe80,0x00000000ead00000)
  from space 1536K, 41% used [0x00000000ead00000,0x00000000eada0000,0x00000000eae80000)
  to   space 1024K, 0% used [0x00000000eae80000,0x00000000eae80000,0x00000000eaf80000)
 ParOldGen       total 551936K, used 551608K [0x00000000c0000000, 0x00000000e1b00000, 0x00000000eab00000)
  object space 551936K, 99% used [0x00000000c0000000,0x00000000e1aae090,0x00000000e1b00000)
 Metaspace       used 94146K, committed 95808K, reserved 1179648K
  class space    used 9291K, committed 10112K, reserved 1048576K
}
Event: 5317.510 GC heap after
{Heap after GC invocations=6415 (full 8):
 PSYoungGen      total 3072K, used 544K [0x00000000eab00000, 0x00000000eaf80000, 0x0000000100000000)
  eden space 2048K, 0% used [0x00000000eab00000,0x00000000eab00000,0x00000000ead00000)
  from space 1024K, 53% used [0x00000000eae80000,0x00000000eaf08000,0x00000000eaf80000)
  to   space 1024K, 0% used [0x00000000ead80000,0x00000000ead80000,0x00000000eae80000)
 ParOldGen       total 552448K, used 552124K [0x00000000c0000000, 0x00000000e1b80000, 0x00000000eab00000)
  object space 552448K, 99% used [0x00000000c0000000,0x00000000e1b2f0a0,0x00000000e1b80000)
 Metaspace       used 94146K, committed 95808K, reserved 1179648K
  class space    used 9291K, committed 10112K, reserved 1048576K
}
Event: 5318.059 GC heap before
{Heap before GC invocations=6416 (full 8):
 PSYoungGen      total 3072K, used 2592K [0x00000000eab00000, 0x00000000eaf80000, 0x0000000100000000)
  eden space 2048K, 100% used [0x00000000eab00000,0x00000000ead00000,0x00000000ead00000)
  from space 1024K, 53% used [0x00000000eae80000,0x00000000eaf08000,0x00000000eaf80000)
  to   space 1024K, 0% used [0x00000000ead80000,0x00000000ead80000,0x00000000eae80000)
 ParOldGen       total 552448K, used 552124K [0x00000000c0000000, 0x00000000e1b80000, 0x00000000eab00000)
  object space 552448K, 99% used [0x00000000c0000000,0x00000000e1b2f0a0,0x00000000e1b80000)
 Metaspace       used 94146K, committed 95808K, reserved 1179648K
  class space    used 9291K, committed 10112K, reserved 1048576K
}
Event: 5318.066 GC heap after
{Heap after GC invocations=6416 (full 8):
 PSYoungGen      total 3072K, used 611K [0x00000000eab00000, 0x00000000eaf00000, 0x0000000100000000)
  eden space 2048K, 0% used [0x00000000eab00000,0x00000000eab00000,0x00000000ead00000)
  from space 1024K, 59% used [0x00000000ead80000,0x00000000eae18c50,0x00000000eae80000)
  to   space 512K, 0% used [0x00000000eae80000,0x00000000eae80000,0x00000000eaf00000)
 ParOldGen       total 552960K, used 552540K [0x00000000c0000000, 0x00000000e1c00000, 0x00000000eab00000)
  object space 552960K, 99% used [0x00000000c0000000,0x00000000e1b970a0,0x00000000e1c00000)
 Metaspace       used 94146K, committed 95808K, reserved 1179648K
  class space    used 9291K, committed 10112K, reserved 1048576K
}
Event: 5318.248 GC heap before
{Heap before GC invocations=6417 (full 8):
 PSYoungGen      total 3072K, used 2602K [0x00000000eab00000, 0x00000000eaf00000, 0x0000000100000000)
  eden space 2048K, 97% used [0x00000000eab00000,0x00000000eacf1c78,0x00000000ead00000)
  from space 1024K, 59% used [0x00000000ead80000,0x00000000eae18c50,0x00000000eae80000)
  to   space 512K, 0% used [0x00000000eae80000,0x00000000eae80000,0x00000000eaf00000)
 ParOldGen       total 552960K, used 552540K [0x00000000c0000000, 0x00000000e1c00000, 0x00000000eab00000)
  object space 552960K, 99% used [0x00000000c0000000,0x00000000e1b970a0,0x00000000e1c00000)
 Metaspace       used 94146K, committed 95808K, reserved 1179648K
  class space    used 9291K, committed 10112K, reserved 1048576K
}
Event: 5318.256 GC heap after
{Heap after GC invocations=6417 (full 8):
 PSYoungGen      total 2560K, used 375K [0x00000000eab00000, 0x00000000eaf00000, 0x0000000100000000)
  eden space 2048K, 0% used [0x00000000eab00000,0x00000000eab00000,0x00000000ead00000)
  from space 512K, 73% used [0x00000000eae80000,0x00000000eaeddd00,0x00000000eaf00000)
  to   space 512K, 0% used [0x00000000eae00000,0x00000000eae00000,0x00000000eae80000)
 ParOldGen       total 552960K, used 552915K [0x00000000c0000000, 0x00000000e1c00000, 0x00000000eab00000)
  object space 552960K, 99% used [0x00000000c0000000,0x00000000e1bf4c90,0x00000000e1c00000)
 Metaspace       used 94146K, committed 95808K, reserved 1179648K
  class space    used 9291K, committed 10112K, reserved 1048576K
}
Event: 5318.281 GC heap before
{Heap before GC invocations=6418 (full 8):
 PSYoungGen      total 2560K, used 2423K [0x00000000eab00000, 0x00000000eaf00000, 0x0000000100000000)
  eden space 2048K, 100% used [0x00000000eab00000,0x00000000ead00000,0x00000000ead00000)
  from space 512K, 73% used [0x00000000eae80000,0x00000000eaeddd00,0x00000000eaf00000)
  to   space 512K, 0% used [0x00000000eae00000,0x00000000eae00000,0x00000000eae80000)
 ParOldGen       total 552960K, used 552915K [0x00000000c0000000, 0x00000000e1c00000, 0x00000000eab00000)
  object space 552960K, 99% used [0x00000000c0000000,0x00000000e1bf4c90,0x00000000e1c00000)
 Metaspace       used 94146K, committed 95808K, reserved 1179648K
  class space    used 9291K, committed 10112K, reserved 1048576K
}
Event: 5318.292 GC heap after
{Heap after GC invocations=6418 (full 8):
 PSYoungGen      total 2560K, used 493K [0x00000000eab00000, 0x00000000eb200000, 0x0000000100000000)
  eden space 2048K, 0% used [0x00000000eab00000,0x00000000eab00000,0x00000000ead00000)
  from space 512K, 96% used [0x00000000eae00000,0x00000000eae7b630,0x00000000eae80000)
  to   space 2560K, 0% used [0x00000000eaf80000,0x00000000eaf80000,0x00000000eb200000)
 ParOldGen       total 554496K, used 554464K [0x00000000c0000000, 0x00000000e1d80000, 0x00000000eab00000)
  object space 554496K, 99% used [0x00000000c0000000,0x00000000e1d78110,0x00000000e1d80000)
 Metaspace       used 94146K, committed 95808K, reserved 1179648K
  class space    used 9291K, committed 10112K, reserved 1048576K
}
Event: 5318.354 GC heap before
{Heap before GC invocations=6419 (full 8):
 PSYoungGen      total 2560K, used 2541K [0x00000000eab00000, 0x00000000eb200000, 0x0000000100000000)
  eden space 2048K, 100% used [0x00000000eab00000,0x00000000ead00000,0x00000000ead00000)
  from space 512K, 96% used [0x00000000eae00000,0x00000000eae7b630,0x00000000eae80000)
  to   space 2560K, 0% used [0x00000000eaf80000,0x00000000eaf80000,0x00000000eb200000)
 ParOldGen       total 554496K, used 554464K [0x00000000c0000000, 0x00000000e1d80000, 0x00000000eab00000)
  object space 554496K, 99% used [0x00000000c0000000,0x00000000e1d78110,0x00000000e1d80000)
 Metaspace       used 94146K, committed 95808K, reserved 1179648K
  class space    used 9291K, committed 10112K, reserved 1048576K
}
Event: 5318.362 GC heap after
{Heap after GC invocations=6419 (full 8):
 PSYoungGen      total 2560K, used 64K [0x00000000eab00000, 0x00000000eb000000, 0x0000000100000000)
  eden space 2048K, 0% used [0x00000000eab00000,0x00000000eab00000,0x00000000ead00000)
  from space 512K, 12% used [0x00000000eaf80000,0x00000000eaf90000,0x00000000eb000000)
  to   space 1024K, 0% used [0x00000000eae00000,0x00000000eae00000,0x00000000eaf00000)
 ParOldGen       total 555008K, used 554535K [0x00000000c0000000, 0x00000000e1e00000, 0x00000000eab00000)
  object space 555008K, 99% used [0x00000000c0000000,0x00000000e1d89c78,0x00000000e1e00000)
 Metaspace       used 94146K, committed 95808K, reserved 1179648K
  class space    used 9291K, committed 10112K, reserved 1048576K
}
Event: 5318.382 GC heap before
{Heap before GC invocations=6420 (full 8):
 PSYoungGen      total 2560K, used 2111K [0x00000000eab00000, 0x00000000eb000000, 0x0000000100000000)
  eden space 2048K, 99% used [0x00000000eab00000,0x00000000eacffff8,0x00000000ead00000)
  from space 512K, 12% used [0x00000000eaf80000,0x00000000eaf90000,0x00000000eb000000)
  to   space 1024K, 0% used [0x00000000eae00000,0x00000000eae00000,0x00000000eaf00000)
 ParOldGen       total 555008K, used 554535K [0x00000000c0000000, 0x00000000e1e00000, 0x00000000eab00000)
  object space 555008K, 99% used [0x00000000c0000000,0x00000000e1d89c78,0x00000000e1e00000)
 Metaspace       used 94146K, committed 95808K, reserved 1179648K
  class space    used 9291K, committed 10112K, reserved 1048576K
}
Event: 5318.391 GC heap after
{Heap after GC invocations=6420 (full 8):
 PSYoungGen      total 3072K, used 1005K [0x00000000eab00000, 0x00000000eb200000, 0x0000000100000000)
  eden space 2048K, 0% used [0x00000000eab00000,0x00000000eab00000,0x00000000ead00000)
  from space 1024K, 98% used [0x00000000eae00000,0x00000000eaefb630,0x00000000eaf00000)
  to   space 2560K, 0% used [0x00000000eaf80000,0x00000000eaf80000,0x00000000eb200000)
 ParOldGen       total 555520K, used 555303K [0x00000000c0000000, 0x00000000e1e80000, 0x00000000eab00000)
  object space 555520K, 99% used [0x00000000c0000000,0x00000000e1e49c78,0x00000000e1e80000)
 Metaspace       used 94146K, committed 95808K, reserved 1179648K
  class space    used 9291K, committed 10112K, reserved 1048576K
}
Event: 5318.424 GC heap before
{Heap before GC invocations=6421 (full 8):
 PSYoungGen      total 3072K, used 3053K [0x00000000eab00000, 0x00000000eb200000, 0x0000000100000000)
  eden space 2048K, 100% used [0x00000000eab00000,0x00000000ead00000,0x00000000ead00000)
  from space 1024K, 98% used [0x00000000eae00000,0x00000000eaefb630,0x00000000eaf00000)
  to   space 2560K, 0% used [0x00000000eaf80000,0x00000000eaf80000,0x00000000eb200000)
 ParOldGen       total 555520K, used 555303K [0x00000000c0000000, 0x00000000e1e80000, 0x00000000eab00000)
  object space 555520K, 99% used [0x00000000c0000000,0x00000000e1e49c78,0x00000000e1e80000)
 Metaspace       used 94146K, committed 95808K, reserved 1179648K
  class space    used 9291K, committed 10112K, reserved 1048576K
}
Event: 5318.435 GC heap after
{Heap after GC invocations=6421 (full 8):
 PSYoungGen      total 4608K, used 2080K [0x00000000eab00000, 0x00000000eb280000, 0x0000000100000000)
  eden space 2048K, 0% used [0x00000000eab00000,0x00000000eab00000,0x00000000ead00000)
  from space 2560K, 81% used [0x00000000eaf80000,0x00000000eb188000,0x00000000eb200000)
  to   space 2560K, 0% used [0x00000000ead00000,0x00000000ead00000,0x00000000eaf80000)
 ParOldGen       total 556544K, used 556308K [0x00000000c0000000, 0x00000000e1f80000, 0x00000000eab00000)
  object space 556544K, 99% used [0x00000000c0000000,0x00000000e1f452a8,0x00000000e1f80000)
 Metaspace       used 94146K, committed 95808K, reserved 1179648K
  class space    used 9291K, committed 10112K, reserved 1048576K
}
Event: 5319.365 GC heap before
{Heap before GC invocations=6422 (full 8):
 PSYoungGen      total 4608K, used 3951K [0x00000000eab00000, 0x00000000eb280000, 0x0000000100000000)
  eden space 2048K, 91% used [0x00000000eab00000,0x00000000eacd3c30,0x00000000ead00000)
  from space 2560K, 81% used [0x00000000eaf80000,0x00000000eb188000,0x00000000eb200000)
  to   space 2560K, 0% used [0x00000000ead00000,0x00000000ead00000,0x00000000eaf80000)
 ParOldGen       total 556544K, used 556308K [0x00000000c0000000, 0x00000000e1f80000, 0x00000000eab00000)
  object space 556544K, 99% used [0x00000000c0000000,0x00000000e1f452a8,0x00000000e1f80000)
 Metaspace       used 94146K, committed 95808K, reserved 1179648K
  class space    used 9291K, committed 10112K, reserved 1048576K
}
Event: 5319.381 GC heap after
{Heap after GC invocations=6422 (full 8):
 PSYoungGen      total 2560K, used 288K [0x00000000eab00000, 0x00000000eb000000, 0x0000000100000000)
  eden space 2048K, 0% used [0x00000000eab00000,0x00000000eab00000,0x00000000ead00000)
  from space 512K, 56% used [0x00000000ead00000,0x00000000ead48000,0x00000000ead80000)
  to   space 1024K, 0% used [0x00000000eaf00000,0x00000000eaf00000,0x00000000eb000000)
 ParOldGen       total 558592K, used 558348K [0x00000000c0000000, 0x00000000e2180000, 0x00000000eab00000)
  object space 558592K, 99% used [0x00000000c0000000,0x00000000e21432a8,0x00000000e2180000)
 Metaspace       used 94146K, committed 95808K, reserved 1179648K
  class space    used 9291K, committed 10112K, reserved 1048576K
}

